<?xml version="1.0" encoding="UTF-8"?>
<!-- Generated by org.testng.reporters.JUnitReportReporter -->
<testsuite hostname="DESKTOP-KJQ7RLT" failures="0" tests="2" name="day43.BeforeClassAfterClassDemo" time="0.013" errors="0" timestamp="2025-10-05T12:31:47 IST" skipped="0">
  <testcase classname="day43.BeforeClassAfterClassDemo" name="search" time="0.009"/>
  <testcase classname="day43.BeforeClassAfterClassDemo" name="advancedSearch" time="0.004"/>
</testsuite> <!-- day43.BeforeClassAfterClassDemo -->
