<?xml version="1.0" encoding="UTF-8"?>
<!-- Generated by org.testng.reporters.JUnitReportReporter -->
<testsuite hostname="DESKTOP-KJQ7RLT" failures="0" tests="3" name="day44.loginTest" time="0.013" errors="0" timestamp="2025-10-05T22:05:49 IST" skipped="0">
  <testcase classname="day44.loginTest" name="loginByEmail" time="0.010"/>
  <testcase classname="day44.loginTest" name="loginByFacebook" time="0.002"/>
  <testcase classname="day44.loginTest" name="loginByInstagram" time="0.001"/>
</testsuite> <!-- day44.loginTest -->
