<?xml version="1.0" encoding="UTF-8"?>
<!-- Generated by org.testng.reporters.JUnitReportReporter -->
<testsuite hostname="DESKTOP-KJQ7RLT" failures="0" tests="2" name="day43.BeforeAfterMethodDemo" time="0.066" errors="0" timestamp="2025-10-05T06:13:33 IST" skipped="0">
  <testcase classname="day43.BeforeAfterMethodDemo" name="search" time="0.059"/>
  <testcase classname="day43.BeforeAfterMethodDemo" name="advancedSearch" time="0.007"/>
</testsuite> <!-- day43.BeforeAfterMethodDemo -->
