<?xml version="1.0" encoding="UTF-8"?>
<!-- Generated by org.testng.reporters.JUnitReportReporter -->
<testsuite hostname="DESKTOP-KJQ7RLT" failures="0" tests="3" name="day42.TestNGFirstExecution" time="0.024" errors="0" timestamp="2025-10-04T09:50:36 IST" skipped="0">
  <testcase classname="day42.TestNGFirstExecution" name="b_loginApp" time="0.003"/>
  <testcase classname="day42.TestNGFirstExecution" name="a_openApp" time="0.016"/>
  <testcase classname="day42.TestNGFirstExecution" name="c_logoutApp" time="0.005"/>
</testsuite> <!-- day42.TestNGFirstExecution -->
