<?xml version="1.0" encoding="UTF-8"?>
<!-- Generated by org.testng.reporters.JUnitReportReporter -->
<testsuite hostname="DESKTOP-KJQ7RLT" failures="0" tests="1" name="day47.LoginTest" time="3.389" errors="0" timestamp="2025-10-25T19:29:51 IST" skipped="0">
  <testcase classname="day47.LoginTest" name="loginTest" time="3.389"/>
</testsuite> <!-- day47.LoginTest -->
