<?xml version="1.0" encoding="UTF-8"?>
<!-- Generated by org.testng.reporters.JUnitReportReporter -->
<testsuite hostname="DESKTOP-KJQ7RLT" failures="0" tests="1" name="day43.HardVSSoftAssertions" time="0.014" errors="0" timestamp="2025-10-05T15:30:50 IST" skipped="0">
  <testcase classname="day43.HardVSSoftAssertions" name="test_SoftAssertions" time="0.014"/>
</testsuite> <!-- day43.HardVSSoftAssertions -->
