<?xml version="1.0" encoding="UTF-8"?>
<!-- Generated by org.testng.reporters.JUnitReportReporter -->
<testsuite hostname="DESKTOP-KJQ7RLT" failures="0" tests="2" name="day43suitlevel.C2" time="0.004" errors="0" timestamp="2025-10-05T13:28:28 IST" skipped="0">
  <testcase classname="day43suitlevel.C2" name="test1C2" time="0.003"/>
  <testcase classname="day43suitlevel.C2" name="test1C2" time="0.001"/>
</testsuite> <!-- day43suitlevel.C2 -->
