<?xml version="1.0" encoding="UTF-8"?>
<!-- Generated by org.testng.reporters.JUnitReportReporter -->
<testsuite hostname="DESKTOP-KJQ7RLT" failures="0" tests="2" name="day43.AllAnnotations" time="0.014" errors="0" timestamp="2025-10-05T13:48:56 IST" skipped="0">
  <testcase classname="day43.AllAnnotations" name="test1" time="0.010"/>
  <testcase classname="day43.AllAnnotations" name="test2" time="0.004"/>
</testsuite> <!-- day43.AllAnnotations -->
