<?xml version="1.0" encoding="UTF-8"?>
<!-- Generated by org.testng.reporters.JUnitReportReporter -->
<testsuite hostname="DESKTOP-KJQ7RLT" failures="0" tests="5" name="day42.SimpleLoginTest" time="27.587" errors="0" timestamp="2025-10-05T06:00:40 IST" skipped="0">
  <testcase classname="day42.SimpleLoginTest" name="openApp" time="15.711"/>
  <testcase classname="day42.SimpleLoginTest" name="logoCheck" time="3.125"/>
  <testcase classname="day42.SimpleLoginTest" name="login" time="0.415"/>
  <testcase classname="day42.SimpleLoginTest" name="logout" time="5.195"/>
  <testcase classname="day42.SimpleLoginTest" name="closeApp" time="3.141"/>
</testsuite> <!-- day42.SimpleLoginTest -->
