<?xml version="1.0" encoding="UTF-8"?>
<!-- Generated by org.testng.reporters.JUnitReportReporter -->
<testsuite hostname="DESKTOP-KJQ7RLT" failures="0" tests="3" name="day45.ParallerTestDemo" time="0.074" errors="0" timestamp="2025-10-19T15:43:06 IST" skipped="0">
  <testcase classname="day45.ParallerTestDemo" name="TestLogo" time="0.042"/>
  <testcase classname="day45.ParallerTestDemo" name="TestTitle" time="0.016"/>
  <testcase classname="day45.ParallerTestDemo" name="testURL" time="0.016"/>
</testsuite> <!-- day45.ParallerTestDemo -->
