<?xml version="1.0" encoding="UTF-8"?>
<!-- Generated by org.testng.reporters.JUnitReportReporter -->
<testsuite hostname="DESKTOP-KJQ7RLT" failures="0" tests="3" name="day44.PaymentTest" time="0.000" errors="0" timestamp="2025-10-19T20:52:30 IST" skipped="0">
  <testcase classname="day44.PaymentTest" name="payInRupees" time="0.000"/>
  <testcase classname="day44.PaymentTest" name="payInUSD" time="0.000"/>
  <testcase classname="day44.PaymentTest" name="payInCAD" time="0.000"/>
</testsuite> <!-- day44.PaymentTest -->
