<?xml version="1.0" encoding="UTF-8"?>
<!-- Generated by org.testng.reporters.JUnitReportReporter -->
<testsuite hostname="DESKTOP-KJQ7RLT" failures="0" tests="3" name="day44.SignUpTest" time="0.004" errors="0" timestamp="2025-10-19T20:52:30 IST" skipped="0">
  <testcase classname="day44.SignUpTest" name="SignUpByEmail" time="0.000"/>
  <testcase classname="day44.SignUpTest" name="SignUpByFacebook" time="0.002"/>
  <testcase classname="day44.SignUpTest" name="SignUpByInstagram" time="0.002"/>
</testsuite> <!-- day44.SignUpTest -->
