<?xml version="1.0" encoding="UTF-8"?>
<!-- Generated by org.testng.reporters.JUnitReportReporter -->
<testsuite hostname="DESKTOP-KJQ7RLT" failures="0" tests="5" name="day42.SimpleLoginTest" time="23.300" errors="0" timestamp="2025-10-19T20:52:30 IST" skipped="0">
  <testcase classname="day42.SimpleLoginTest" name="openApp" time="8.870"/>
  <testcase classname="day42.SimpleLoginTest" name="logoCheck" time="3.037"/>
  <testcase classname="day42.SimpleLoginTest" name="login" time="1.947"/>
  <testcase classname="day42.SimpleLoginTest" name="logout" time="6.118"/>
  <testcase classname="day42.SimpleLoginTest" name="closeApp" time="3.328"/>
</testsuite> <!-- day42.SimpleLoginTest -->
