<?xml version="1.0" encoding="UTF-8"?>
<!-- Generated by org.testng.reporters.JUnitReportReporter -->
<testsuite hostname="DESKTOP-KJQ7RLT" failures="0" tests="3" name="day42.TestNGFirstExecution" time="0.004" errors="0" timestamp="2025-10-19T20:52:30 IST" skipped="0">
  <testcase classname="day42.TestNGFirstExecution" name="a_openApp" time="0.000"/>
  <testcase classname="day42.TestNGFirstExecution" name="b_loginApp" time="0.002"/>
  <testcase classname="day42.TestNGFirstExecution" name="c_logoutApp" time="0.002"/>
</testsuite> <!-- day42.TestNGFirstExecution -->
